#
# A fatal error has been detected by the Java Runtime Environment:
#
#  EXCEPTION_ACCESS_VIOLATION (0xc0000005) at pc=0x0000000057be72c9, pid=3940, tid=7264
#
# JRE version: Java(TM) SE Runtime Environment (7.0_71-b14) (build 1.7.0_71-b14)
# Java VM: Java HotSpot(TM) 64-Bit Server VM (24.71-b01 mixed mode windows-amd64 compressed oops)
# Problematic frame:
# C  [atio6axx.dll+0xef72c9]
#
# Failed to write core dump. Minidumps are not enabled by default on client versions of Windows
#
# If you would like to submit a bug report, please visit:
#   http://bugreport.sun.com/bugreport/crash.jsp
# The crash happened outside the Java Virtual Machine in native code.
# See problematic frame for where to report the bug.
#

---------------  T H R E A D  ---------------

Current thread (0x000000000c2bb000):  JavaThread "Thread-0" [_thread_in_native, id=7264, stack(0x000000000c5d0000,0x000000000c6d0000)]

siginfo: ExceptionCode=0xc0000005, reading address 0x00000000000000e0

Registers:
RAX=0x0000000000000000, RBX=0x0000000000000000, RCX=0x0000000000000000, RDX=0x0000000000018000
RSP=0x000000000c6cf240, RBP=0x000000000ea39e50, RSI=0x000000000ea39e50, RDI=0x0000000000000004
R8 =0x0000000000000000, R9 =0x0000000000000008, R10=0x000000000e8dac18, R11=0x000000000000000c
R12=0x0000000000000003, R13=0x0000000056cf0000, R14=0x0000000000000002, R15=0x00000000ffffff00
RIP=0x0000000057be72c9, EFLAGS=0x0000000000010202

Top of Stack: (sp=0x000000000c6cf240)
0x000000000c6cf240:   0000000000000000 0000000000000000
0x000000000c6cf250:   0000000000000000 0000000000000000
0x000000000c6cf260:   00000000ffffffff 0000000000000003
0x000000000c6cf270:   000000000e8cac90 0000000000000600
0x000000000c6cf280:   0000000000000007 0000000057bf3f03
0x000000000c6cf290:   000000000e8dac18 000000000e8cac90
0x000000000c6cf2a0:   0000000000000001 000000000ecbdfc0
0x000000000c6cf2b0:   000000000c6cf320 000000000c6cf2c0
0x000000000c6cf2c0:   000000000ead1f00 000000000df439b0
0x000000000c6cf2d0:   0000000000000000 000000000e8cac90
0x000000000c6cf2e0:   000000000000391f 0000000000000000
0x000000000c6cf2f0:   017e4805fee7ffed 0000000000000000
0x000000000c6cf300:   000000000c6cf378 0000000057bf5f32
0x000000000c6cf310:   000000000e8dac18 000000000e8dac18
0x000000000c6cf320:   000000000c6cf301 017e480500000003
0x000000000c6cf330:   0000000000000000 0000000000040000 

Instructions: (pc=0x0000000057be72c9)
0x0000000057be72a9:   48 8d 0c 48 49 8d 0c ca eb 03 48 8b cb 44 8b 49
0x0000000057be72b9:   10 45 85 c9 0f 84 2d 01 00 00 48 8b 01 8b 49 08
0x0000000057be72c9:   48 8b a8 e0 00 00 00 41 83 f9 01 0f 84 df 00 00
0x0000000057be72d9:   00 41 8b c1 c1 e8 02 ff c8 83 f8 0f 0f 87 c5 00 


Register to memory mapping:

RAX=0x0000000000000000 is an unknown value
RBX=0x0000000000000000 is an unknown value
RCX=0x0000000000000000 is an unknown value
RDX=0x0000000000018000 is an unknown value
RSP=0x000000000c6cf240 is pointing into the stack for thread: 0x000000000c2bb000
RBP=0x000000000ea39e50 is an unknown value
RSI=0x000000000ea39e50 is an unknown value
RDI=0x0000000000000004 is an unknown value
R8 =0x0000000000000000 is an unknown value
R9 =0x0000000000000008 is an unknown value
R10=0x000000000e8dac18 is an unknown value
R11=0x000000000000000c is an unknown value
R12=0x0000000000000003 is an unknown value
R13=0x0000000056cf0000 is an unknown value
R14=0x0000000000000002 is an unknown value
R15=0x00000000ffffff00 is an unknown value


Stack: [0x000000000c5d0000,0x000000000c6d0000],  sp=0x000000000c6cf240,  free space=1020k
Native frames: (J=compiled Java code, j=interpreted, Vv=VM code, C=native code)
C  [atio6axx.dll+0xef72c9]

Java frames: (J=compiled Java code, j=interpreted, Vv=VM code)
j  org.lwjgl.opengl.GL11.nglDrawArrays(IIIJ)V+0
j  org.lwjgl.opengl.GL11.glDrawArrays(III)V+20
j  graphics.ChunkBatch.draw(FFFLorg/newdawn/slick/opengl/Texture;)V+154
j  main.OpenGLCamera.render()V+61
j  main.OpenGLCamera.enterGameLoop()V+15
j  main.OpenGLCamera.run()V+36
j  java.lang.Thread.run()V+11
v  ~StubRoutines::call_stub

---------------  P R O C E S S  ---------------

Java Threads: ( => current thread )
  0x0000000001f0e800 JavaThread "DestroyJavaVM" [_thread_blocked, id=2180, stack(0x0000000001ff0000,0x00000000020f0000)]
=>0x000000000c2bb000 JavaThread "Thread-0" [_thread_in_native, id=7264, stack(0x000000000c5d0000,0x000000000c6d0000)]
  0x000000000a575800 JavaThread "Service Thread" daemon [_thread_blocked, id=4856, stack(0x000000000c0d0000,0x000000000c1d0000)]
  0x000000000a575000 JavaThread "C2 CompilerThread1" daemon [_thread_blocked, id=2828, stack(0x000000000bf20000,0x000000000c020000)]
  0x000000000a570000 JavaThread "C2 CompilerThread0" daemon [_thread_in_native, id=2564, stack(0x000000000bd20000,0x000000000be20000)]
  0x000000000a56f000 JavaThread "Attach Listener" daemon [_thread_blocked, id=1120, stack(0x000000000bbf0000,0x000000000bcf0000)]
  0x000000000a567800 JavaThread "Signal Dispatcher" daemon [_thread_blocked, id=5544, stack(0x000000000bab0000,0x000000000bbb0000)]
  0x000000000a514800 JavaThread "Finalizer" daemon [_thread_blocked, id=7172, stack(0x000000000b990000,0x000000000ba90000)]
  0x000000000a50d800 JavaThread "Reference Handler" daemon [_thread_blocked, id=7232, stack(0x000000000b820000,0x000000000b920000)]

Other Threads:
  0x000000000a508000 VMThread [stack: 0x000000000b550000,0x000000000b650000] [id=1692]
  0x000000000a58a000 WatcherThread [stack: 0x000000000b690000,0x000000000b790000] [id=1088]

VM state:not at safepoint (normal execution)

VM Mutex/Monitor currently owned by a thread: None

Heap
 PSYoungGen      total 36864K, used 23104K [0x00000007d6f00000, 0x00000007d9800000, 0x0000000800000000)
  eden space 31744K, 65% used [0x00000007d6f00000,0x00000007d8359758,0x00000007d8e00000)
  from space 5120K, 44% used [0x00000007d8e00000,0x00000007d9036b30,0x00000007d9300000)
  to   space 5120K, 0% used [0x00000007d9300000,0x00000007d9300000,0x00000007d9800000)
 ParOldGen       total 83968K, used 8K [0x0000000784e00000, 0x000000078a000000, 0x00000007d6f00000)
  object space 83968K, 0% used [0x0000000784e00000,0x0000000784e02000,0x000000078a000000)
 PSPermGen       total 21504K, used 5690K [0x000000077fc00000, 0x0000000781100000, 0x0000000784e00000)
  object space 21504K, 26% used [0x000000077fc00000,0x000000078018eae8,0x0000000781100000)

Card table byte_map: [0x00000000051b0000,0x00000000055c0000] byte_map_base: 0x00000000015b2000

Polling page: 0x00000000000a0000

Code Cache  [0x00000000020f0000, 0x0000000002360000, 0x00000000050f0000)
 total_blobs=411 nmethods=58 adapters=306 free_code_cache=48599Kb largest_free_block=49745536

Compilation events (10 events):
Event: 1.161 Thread 0x000000000a575000   55             java.io.Win32FileSystem::normalize (143 bytes)
Event: 1.164 Thread 0x000000000a575000 nmethod 55 0x00000000021759d0 code [0x0000000002175b40, 0x0000000002175e70]
Event: 1.168 Thread 0x000000000a575000   56             org.newdawn.slick.opengl.PNGImageData::unfilterSub (44 bytes)
Event: 1.169 Thread 0x000000000a575000 nmethod 56 0x000000000217ca50 code [0x000000000217cb80, 0x000000000217cdb8]
Event: 1.169 Thread 0x000000000a575000   57             org.newdawn.slick.opengl.PNGImageData::unfilterUp (42 bytes)
Event: 1.171 Thread 0x000000000a575000 nmethod 57 0x000000000217ce50 code [0x000000000217cf80, 0x000000000217d0f8]
Event: 1.171 Thread 0x000000000a575000   58 %           org.newdawn.slick.opengl.PNGImageData::unfilterUp @ 16 (42 bytes)
Event: 1.172 Thread 0x000000000a575000 nmethod 58% 0x000000000217d1d0 code [0x000000000217d320, 0x000000000217d4d8]
Event: 1.174 Thread 0x000000000a575000   59             org.newdawn.slick.opengl.PNGImageData::unfilterAverage (91 bytes)
Event: 1.177 Thread 0x000000000a575000 nmethod 59 0x000000000217c390 code [0x000000000217c4e0, 0x000000000217c918]

GC Heap History (2 events):
Event: 1.119 GC heap before
{Heap before GC invocations=1 (full 0):
 PSYoungGen      total 36864K, used 25971K [0x00000007d6f00000, 0x00000007d9800000, 0x0000000800000000)
  eden space 31744K, 81% used [0x00000007d6f00000,0x00000007d885cd28,0x00000007d8e00000)
  from space 5120K, 0% used [0x00000007d9300000,0x00000007d9300000,0x00000007d9800000)
  to   space 5120K, 0% used [0x00000007d8e00000,0x00000007d8e00000,0x00000007d9300000)
 ParOldGen       total 83968K, used 0K [0x0000000784e00000, 0x000000078a000000, 0x00000007d6f00000)
  object space 83968K, 0% used [0x0000000784e00000,0x0000000784e00000,0x000000078a000000)
 PSPermGen       total 21504K, used 4709K [0x000000077fc00000, 0x0000000781100000, 0x0000000784e00000)
  object space 21504K, 21% used [0x000000077fc00000,0x0000000780099568,0x0000000781100000)
Event: 1.121 GC heap after
Heap after GC invocations=1 (full 0):
 PSYoungGen      total 36864K, used 2266K [0x00000007d6f00000, 0x00000007d9800000, 0x0000000800000000)
  eden space 31744K, 0% used [0x00000007d6f00000,0x00000007d6f00000,0x00000007d8e00000)
  from space 5120K, 44% used [0x00000007d8e00000,0x00000007d9036b30,0x00000007d9300000)
  to   space 5120K, 0% used [0x00000007d9300000,0x00000007d9300000,0x00000007d9800000)
 ParOldGen       total 83968K, used 8K [0x0000000784e00000, 0x000000078a000000, 0x00000007d6f00000)
  object space 83968K, 0% used [0x0000000784e00000,0x0000000784e02000,0x000000078a000000)
 PSPermGen       total 21504K, used 4709K [0x000000077fc00000, 0x0000000781100000, 0x0000000784e00000)
  object space 21504K, 21% used [0x000000077fc00000,0x0000000780099568,0x0000000781100000)
}

Deoptimization events (0 events):
No events

Internal exceptions (10 events):
Event: 1.148 Thread 0x000000000c2bb000 Threw 0x00000007d8282470 at C:\re\jdk7u71\1605\hotspot\src\share\vm\prims\jvm.cpp:1281
Event: 1.148 Thread 0x000000000c2bb000 Threw 0x00000007d8286350 at C:\re\jdk7u71\1605\hotspot\src\share\vm\prims\jvm.cpp:1281
Event: 1.149 Thread 0x000000000c2bb000 Threw 0x00000007d828a1a0 at C:\re\jdk7u71\1605\hotspot\src\share\vm\prims\jvm.cpp:1281
Event: 1.149 Thread 0x000000000c2bb000 Threw 0x00000007d828d0d0 at C:\re\jdk7u71\1605\hotspot\src\share\vm\prims\jvm.cpp:1281
Event: 1.161 Thread 0x000000000c2bb000 Threw 0x00000007d82bd8b0 at C:\re\jdk7u71\1605\hotspot\src\share\vm\prims\jvm.cpp:1281
Event: 1.161 Thread 0x000000000c2bb000 Threw 0x00000007d82c35b0 at C:\re\jdk7u71\1605\hotspot\src\share\vm\prims\jvm.cpp:1281
Event: 1.162 Thread 0x000000000c2bb000 Threw 0x00000007d82c74c0 at C:\re\jdk7u71\1605\hotspot\src\share\vm\prims\jvm.cpp:1281
Event: 1.163 Thread 0x000000000c2bb000 Threw 0x00000007d82d40a8 at C:\re\jdk7u71\1605\hotspot\src\share\vm\prims\jvm.cpp:1281
Event: 1.183 Thread 0x000000000c2bb000 Threw 0x00000007d82e1718 at C:\re\jdk7u71\1605\hotspot\src\share\vm\prims\jvm.cpp:1281
Event: 1.187 Thread 0x000000000c2bb000 Threw 0x00000007d82ea8c8 at C:\re\jdk7u71\1605\hotspot\src\share\vm\prims\jvm.cpp:1281

Events (10 events):
Event: 1.166 loading class 0x000000000f9385a0
Event: 1.166 loading class 0x000000000c5b8940
Event: 1.166 loading class 0x000000000c5b88e0
Event: 1.166 loading class 0x000000000c5b88e0 done
Event: 1.166 loading class 0x000000000c5b8940 done
Event: 1.166 loading class 0x000000000f9385a0 done
Event: 1.183 loading class 0x000000000c3414b0
Event: 1.183 loading class 0x000000000c3414b0 done
Event: 1.187 loading class 0x000000000c2ec570
Event: 1.187 loading class 0x000000000c2ec570 done


Dynamic libraries:
0x000000013fed0000 - 0x000000013ff03000 	C:\Program Files\Java\jre7\bin\javaw.exe
0x00000000779b0000 - 0x0000000077b59000 	C:\Windows\SYSTEM32\ntdll.dll
0x0000000077790000 - 0x00000000778af000 	C:\Windows\system32\kernel32.dll
0x000007fefd9f0000 - 0x000007fefda5c000 	C:\Windows\system32\KERNELBASE.dll
0x000007fefe120000 - 0x000007fefe1fb000 	C:\Windows\system32\ADVAPI32.dll
0x000007fefdb30000 - 0x000007fefdbcf000 	C:\Windows\system32\msvcrt.dll
0x000007fefe3f0000 - 0x000007fefe40f000 	C:\Windows\SYSTEM32\sechost.dll
0x000007fefe490000 - 0x000007fefe5bd000 	C:\Windows\system32\RPCRT4.dll
0x00000000778b0000 - 0x00000000779aa000 	C:\Windows\system32\USER32.dll
0x000007fefeab0000 - 0x000007fefeb17000 	C:\Windows\system32\GDI32.dll
0x000007fefde20000 - 0x000007fefde2e000 	C:\Windows\system32\LPK.dll
0x000007fefe230000 - 0x000007fefe2f9000 	C:\Windows\system32\USP10.dll
0x000007fefc2f0000 - 0x000007fefc4e4000 	C:\Windows\WinSxS\amd64_microsoft.windows.common-controls_6595b64144ccf1df_6.0.7601.17514_none_fa396087175ac9ac\COMCTL32.dll
0x000007fefe410000 - 0x000007fefe481000 	C:\Windows\system32\SHLWAPI.dll
0x000007fefe200000 - 0x000007fefe22e000 	C:\Windows\system32\IMM32.DLL
0x000007fefde30000 - 0x000007fefdf39000 	C:\Windows\system32\MSCTF.dll
0x0000000065790000 - 0x0000000065862000 	C:\Program Files\Java\jre7\bin\msvcr100.dll
0x00000000632b0000 - 0x0000000063a83000 	C:\Program Files\Java\jre7\bin\server\jvm.dll
0x000007fee31b0000 - 0x000007fee31b9000 	C:\Windows\system32\WSOCK32.dll
0x000007fefe3a0000 - 0x000007fefe3ed000 	C:\Windows\system32\WS2_32.dll
0x000007fefe870000 - 0x000007fefe878000 	C:\Windows\system32\NSI.dll
0x000007fefb460000 - 0x000007fefb49b000 	C:\Windows\system32\WINMM.dll
0x0000000077b70000 - 0x0000000077b77000 	C:\Windows\system32\PSAPI.DLL
0x00000000663b0000 - 0x00000000663bf000 	C:\Program Files\Java\jre7\bin\verify.dll
0x0000000064110000 - 0x0000000064138000 	C:\Program Files\Java\jre7\bin\java.dll
0x00000000640f0000 - 0x0000000064105000 	C:\Program Files\Java\jre7\bin\zip.dll
0x0000000180000000 - 0x0000000180051000 	C:\Infinigen Development Pack\workspace\Infinigen\lib\lwjgl\native\windows\lwjgl64.dll
0x000007fed47f0000 - 0x000007fed490d000 	C:\Windows\system32\OPENGL32.dll
0x000007fefc770000 - 0x000007fefc79d000 	C:\Windows\system32\GLU32.dll
0x000007fed4b90000 - 0x000007fed4c81000 	C:\Windows\system32\DDRAW.dll
0x000007fefc140000 - 0x000007fefc148000 	C:\Windows\system32\DCIMAN32.dll
0x000007fefdf40000 - 0x000007fefe117000 	C:\Windows\system32\SETUPAPI.dll
0x000007fefd7f0000 - 0x000007fefd826000 	C:\Windows\system32\CFGMGR32.dll
0x000007fefedf0000 - 0x000007fefeec7000 	C:\Windows\system32\OLEAUT32.dll
0x000007fefe660000 - 0x000007fefe863000 	C:\Windows\system32\ole32.dll
0x000007fefd9d0000 - 0x000007fefd9ea000 	C:\Windows\system32\DEVOBJ.dll
0x000007fefb930000 - 0x000007fefb948000 	C:\Windows\system32\dwmapi.dll
0x000007fefc840000 - 0x000007fefc84c000 	C:\Windows\system32\VERSION.dll
0x000007fefbf70000 - 0x000007fefbfc6000 	C:\Windows\system32\uxtheme.dll
0x000007fefb290000 - 0x000007fefb2a8000 	C:\Windows\system32\atig6pxx.dll
0x0000000056cf0000 - 0x000000005889e000 	C:\Windows\system32\atio6axx.dll
0x000007fedf090000 - 0x000007fedf1c8000 	C:\Windows\system32\atiadlxx.dll
0x000007fefef30000 - 0x000007feffcb8000 	C:\Windows\system32\SHELL32.dll
0x000007fefbfd0000 - 0x000007fefc0fc000 	C:\Windows\system32\PROPSYS.dll
0x000007fefdb10000 - 0x000007fefdb2e000 	C:\Windows\system32\USERENV.dll
0x000007fefd770000 - 0x000007fefd77f000 	C:\Windows\system32\profapi.dll
0x000007fefc850000 - 0x000007fefc861000 	C:\Windows\system32\WTSAPI32.dll
0x000007fefadd0000 - 0x000007fefadf7000 	C:\Windows\system32\IPHLPAPI.DLL
0x000007fefadc0000 - 0x000007fefadcb000 	C:\Windows\system32\WINNSI.DLL
0x000007fefd790000 - 0x000007fefd7ca000 	C:\Windows\system32\WINTRUST.dll
0x000007fefd850000 - 0x000007fefd9bc000 	C:\Windows\system32\CRYPT32.dll
0x000007fefd780000 - 0x000007fefd78f000 	C:\Windows\system32\MSASN1.dll
0x000007feebe90000 - 0x000007feebeb9000 	C:\Windows\system32\atig6txx.dll
0x000007fefd610000 - 0x000007fefd61f000 	C:\Windows\system32\CRYPTBASE.dll
0x000007fed9600000 - 0x000007fed969c000 	C:\Windows\system32\mscms.dll
0x000007fed9560000 - 0x000007fed95a2000 	C:\Windows\system32\icm32.dll
0x0000000063c90000 - 0x0000000063ca9000 	C:\Program Files\Java\jre7\bin\net.dll
0x000007fefcf50000 - 0x000007fefcfa5000 	C:\Windows\system32\mswsock.dll
0x000007fefcf40000 - 0x000007fefcf47000 	C:\Windows\System32\wship6.dll
0x0000000063c70000 - 0x0000000063c81000 	C:\Program Files\Java\jre7\bin\nio.dll
0x000000005f070000 - 0x000000005f205000 	C:\Program Files\Java\jre7\bin\awt.dll
0x000007fed7520000 - 0x000007fed7645000 	C:\Windows\system32\dbghelp.dll

VM Arguments:
jvm_args: -Djava.library.path=C:\Infinigen Development Pack\workspace\Infinigen\lib\lwjgl\native\windows;C:\Infinigen Development Pack\workspace\Infinigen\lib\lwjgl\native\windows -Dfile.encoding=Cp1252 
java_command: main.OpenGLCamera
Launcher Type: SUN_STANDARD

Environment Variables:
JAVA_HOME=C:\Progra~2\Java\jdk1.7.0_67
PATH=C:\Python27\;C:\Python27\Scripts;C:\Windows\system32;C:\Windows;C:\Windows\System32\Wbem;C:\Windows\System32\WindowsPowerShell\v1.0\;C:\Program Files (x86)\ATI Technologies\ATI.ACE\Core-Static;C:\Program Files (x86)\AMD\ATI.ACE\Core-Static;C:\altera\14.1\quartus\bin32;C:\altera\14.1\nios2eds\bin;C:\Program Files\TortoiseSVN\bin;c:\Program Files (x86)\Microsoft SQL Server\110\Tools\Binn\;c:\Program Files\Microsoft SQL Server\110\Tools\Binn\;c:\Program Files\Microsoft SQL Server\110\DTS\Binn\
USERNAME=Euan
OS=Windows_NT
PROCESSOR_IDENTIFIER=Intel64 Family 6 Model 58 Stepping 9, GenuineIntel



---------------  S Y S T E M  ---------------

OS: Windows 7 , 64 bit Build 7601 Service Pack 1

CPU:total 4 (4 cores per cpu, 1 threads per core) family 6 model 58 stepping 9, cmov, cx8, fxsr, mmx, sse, sse2, sse3, ssse3, sse4.1, sse4.2, popcnt, avx, aes, erms, tsc, tscinvbit, tscinv

Memory: 4k page, physical 8068496k(2428056k free), swap 16135136k(8640368k free)

vm_info: Java HotSpot(TM) 64-Bit Server VM (24.71-b01) for windows-amd64 JRE (1.7.0_71-b14), built on Sep 26 2014 16:16:12 by "java_re" with unknown MS VC++:1600

time: Sat Mar 07 17:06:19 2015
elapsed time: 1 seconds

